# JRE version: Java(TM) SE Runtime Environment (8.0_202-b08) (build 1.8.0_202-b08)
# Java VM: Java HotSpot(TM) 64-Bit Server VM (25.202-b08 mixed mode windows-amd64 compressed oops)
Heap:
 PSYoungGen      total 16896K, used 11516K [0x00000000edf00000, 0x00000000ef180000, 0x0000000100000000)
  eden space 14848K, 63% used [0x00000000edf00000,0x00000000ee847240,0x00000000eed80000)
  from space 2048K, 98% used [0x00000000eef80000,0x00000000ef178030,0x00000000ef180000)
  to   space 2048K, 0% used [0x00000000eed80000,0x00000000eed80000,0x00000000eef80000)
 ParOldGen       total 38400K, used 3731K [0x00000000c9c00000, 0x00000000cc180000, 0x00000000edf00000)
  object space 38400K, 9% used [0x00000000c9c00000,0x00000000c9fa4d10,0x00000000cc180000)
 Metaspace       used 14918K, capacity 15441K, committed 15616K, reserved 1062912K
  class space    used 1880K, capacity 2048K, committed 2048K, reserved 1048576K
GC Heap History (5 events):
Event: 1.393 GC heap before
{Heap before GC invocations=1 (full 0):
 PSYoungGen      total 16896K, used 14848K [0x00000000edf00000, 0x00000000ef180000, 0x0000000100000000)
  eden space 14848K, 100% used [0x00000000edf00000,0x00000000eed80000,0x00000000eed80000)
  from space 2048K, 0% used [0x00000000eef80000,0x00000000eef80000,0x00000000ef180000)
  to   space 2048K, 0% used [0x00000000eed80000,0x00000000eed80000,0x00000000eef80000)
 ParOldGen       total 38400K, used 0K [0x00000000c9c00000, 0x00000000cc180000, 0x00000000edf00000)
  object space 38400K, 0% used [0x00000000c9c00000,0x00000000c9c00000,0x00000000cc180000)
 Metaspace       used 8896K, capacity 9126K, committed 9216K, reserved 1056768K
  class space    used 1131K, capacity 1213K, committed 1280K, reserved 1048576K
Event: 1.397 GC heap after
Heap after GC invocations=1 (full 0):
 PSYoungGen      total 16896K, used 2046K [0x00000000edf00000, 0x00000000ef180000, 0x0000000100000000)
  eden space 14848K, 0% used [0x00000000edf00000,0x00000000edf00000,0x00000000eed80000)
  from space 2048K, 99% used [0x00000000eed80000,0x00000000eef7f908,0x00000000eef80000)
  to   space 2048K, 0% used [0x00000000eef80000,0x00000000eef80000,0x00000000ef180000)
 ParOldGen       total 38400K, used 1327K [0x00000000c9c00000, 0x00000000cc180000, 0x00000000edf00000)
  object space 38400K, 3% used [0x00000000c9c00000,0x00000000c9d4bcf0,0x00000000cc180000)
 Metaspace       used 8896K, capacity 9126K, committed 9216K, reserved 1056768K
  class space    used 1131K, capacity 1213K, committed 1280K, reserved 1048576K
}
Event: 1.827 GC heap before
{Heap before GC invocations=2 (full 0):
 PSYoungGen      total 16896K, used 16894K [0x00000000edf00000, 0x00000000ef180000, 0x0000000100000000)
  eden space 14848K, 100% used [0x00000000edf00000,0x00000000eed80000,0x00000000eed80000)
  from space 2048K, 99% used [0x00000000eed80000,0x00000000eef7f908,0x00000000eef80000)
  to   space 2048K, 0% used [0x00000000eef80000,0x00000000eef80000,0x00000000ef180000)
 ParOldGen       total 38400K, used 1327K [0x00000000c9c00000, 0x00000000cc180000, 0x00000000edf00000)
  object space 38400K, 3% used [0x00000000c9c00000,0x00000000c9d4bcf0,0x00000000cc180000)
 Metaspace       used 12232K, capacity 12630K, committed 12928K, reserved 1060864K
  class space    used 1516K, capacity 1647K, committed 1664K, reserved 1048576K
Event: 1.832 GC heap after
Heap after GC invocations=2 (full 0):
 PSYoungGen      total 16896K, used 2016K [0x00000000edf00000, 0x00000000ef180000, 0x0000000100000000)
  eden space 14848K, 0% used [0x00000000edf00000,0x00000000edf00000,0x00000000eed80000)
  from space 2048K, 98% used [0x00000000eef80000,0x00000000ef178030,0x00000000ef180000)
  to   space 2048K, 0% used [0x00000000eed80000,0x00000000eed80000,0x00000000eef80000)
 ParOldGen       total 38400K, used 3731K [0x00000000c9c00000, 0x00000000cc180000, 0x00000000edf00000)
  object space 38400K, 9% used [0x00000000c9c00000,0x00000000c9fa4d10,0x00000000cc180000)
 Metaspace       used 12232K, capacity 12630K, committed 12928K, reserved 1060864K
  class space    used 1516K, capacity 1647K, committed 1664K, reserved 1048576K
}
Event: 2.588 GC heap before
{Heap before GC invocations=3 (full 0):
 PSYoungGen      total 16896K, used 11516K [0x00000000edf00000, 0x00000000ef180000, 0x0000000100000000)
  eden space 14848K, 63% used [0x00000000edf00000,0x00000000ee847240,0x00000000eed80000)
  from space 2048K, 98% used [0x00000000eef80000,0x00000000ef178030,0x00000000ef180000)
  to   space 2048K, 0% used [0x00000000eed80000,0x00000000eed80000,0x00000000eef80000)
 ParOldGen       total 38400K, used 3731K [0x00000000c9c00000, 0x00000000cc180000, 0x00000000edf00000)
  object space 38400K, 9% used [0x00000000c9c00000,0x00000000c9fa4d10,0x00000000cc180000)
 Metaspace       used 14918K, capacity 15441K, committed 15616K, reserved 1062912K
  class space    used 1880K, capacity 2048K, committed 2048K, reserved 1048576K

